0 info it worked if it ends with ok
1 verbose cli [ 'C:\\Program Files (x86)\\nodejs\\\\node.exe',
1 verbose cli   'C:\\Program Files (x86)\\nodejs\\node_modules\\npm\\bin\\npm-cli.js',
1 verbose cli   'install',
1 verbose cli   '-g',
1 verbose cli   'tsc' ]
2 info using npm@1.4.28
3 info using node@v0.10.33
4 verbose node symlink C:\Program Files (x86)\nodejs\\node.exe
5 verbose cache add [ 'tsc', null ]
6 verbose cache add name=undefined spec="tsc" args=["tsc",null]
7 verbose parsed url { protocol: null,
7 verbose parsed url   slashes: null,
7 verbose parsed url   auth: null,
7 verbose parsed url   host: null,
7 verbose parsed url   port: null,
7 verbose parsed url   hostname: null,
7 verbose parsed url   hash: null,
7 verbose parsed url   search: null,
7 verbose parsed url   query: null,
7 verbose parsed url   pathname: 'tsc',
7 verbose parsed url   path: 'tsc',
7 verbose parsed url   href: 'tsc' }
8 silly lockFile 50979f87-tsc tsc
9 verbose lock tsc C:\Users\mirhagk\AppData\Roaming\npm-cache\50979f87-tsc.lock
10 silly lockFile 50979f87-tsc tsc
11 silly lockFile 50979f87-tsc tsc
12 verbose addNamed [ 'tsc', '' ]
13 verbose addNamed [ null, '*' ]
14 silly lockFile 5456f48e-tsc tsc@
15 verbose lock tsc@ C:\Users\mirhagk\AppData\Roaming\npm-cache\5456f48e-tsc.lock
16 silly addNameRange { name: 'tsc', range: '*', hasData: false }
17 verbose request where is /tsc
18 verbose request registry https://registry.npmjs.org/
19 verbose request id 99a07d2125263f8a
20 verbose url raw /tsc
21 verbose url resolving [ 'https://registry.npmjs.org/', './tsc' ]
22 verbose url resolved https://registry.npmjs.org/tsc
23 verbose request where is https://registry.npmjs.org/tsc
24 info trying registry request attempt 1 at 08:33:03
25 http GET https://registry.npmjs.org/tsc
26 http 404 https://registry.npmjs.org/tsc
27 verbose headers { date: 'Wed, 28 Jan 2015 13:33:05 GMT',
27 verbose headers   server: 'CouchDB/1.5.0 (Erlang OTP/R16B03)',
27 verbose headers   'content-type': 'application/json',
27 verbose headers   'cache-control': 'max-age=0',
27 verbose headers   'content-length': '52',
27 verbose headers   'accept-ranges': 'bytes',
27 verbose headers   via: '1.1 varnish',
27 verbose headers   age: '0',
27 verbose headers   'x-served-by': 'cache-iad2147-IAD',
27 verbose headers   'x-cache': 'MISS',
27 verbose headers   'x-cache-hits': '0',
27 verbose headers   'x-timer': 'S1422451985.230180,VS0,VE63',
27 verbose headers   'keep-alive': 'timeout=10, max=50',
27 verbose headers   connection: 'Keep-Alive' }
28 silly registry.get cb [ 404,
28 silly registry.get   { date: 'Wed, 28 Jan 2015 13:33:05 GMT',
28 silly registry.get     server: 'CouchDB/1.5.0 (Erlang OTP/R16B03)',
28 silly registry.get     'content-type': 'application/json',
28 silly registry.get     'cache-control': 'max-age=0',
28 silly registry.get     'content-length': '52',
28 silly registry.get     'accept-ranges': 'bytes',
28 silly registry.get     via: '1.1 varnish',
28 silly registry.get     age: '0',
28 silly registry.get     'x-served-by': 'cache-iad2147-IAD',
28 silly registry.get     'x-cache': 'MISS',
28 silly registry.get     'x-cache-hits': '0',
28 silly registry.get     'x-timer': 'S1422451985.230180,VS0,VE63',
28 silly registry.get     'keep-alive': 'timeout=10, max=50',
28 silly registry.get     connection: 'Keep-Alive' } ]
29 silly lockFile 5456f48e-tsc tsc@
30 silly lockFile 5456f48e-tsc tsc@
31 error 404 404 Not Found: tsc
31 error 404
31 error 404 'tsc' is not in the npm registry.
31 error 404 You should bug the author to publish it
31 error 404
31 error 404 Note that you can also install from a
31 error 404 tarball, folder, or http url, or git url.
32 error System Windows_NT 6.2.9200
33 error command "C:\\Program Files (x86)\\nodejs\\\\node.exe" "C:\\Program Files (x86)\\nodejs\\node_modules\\npm\\bin\\npm-cli.js" "install" "-g" "tsc"
34 error cwd C:\Users\mirhagk\Documents\GitHub\TypeScriptLLVM\src
35 error node -v v0.10.33
36 error npm -v 1.4.28
37 error code E404
38 verbose exit [ 1, true ]
